[2023-09-05 02:45:58,810] INFO [GroupCoordinator 1]: Preparing to rebalance group schema-registry in state PreparingRebalance with old generation 3 (__consumer_offsets-29) (reason: Removing member sr-1-0df6abdc-b4a7-443a-b1eb-adfa2b8f0a4d on LeaveGroup; client reason: the consumer is being closed) (kafka.coordinator.group.GroupCoordinator)
[2023-09-05 02:45:58,811] INFO [GroupCoordinator 1]: Group schema-registry with generation 4 is now empty (__consumer_offsets-29) (kafka.coordinator.group.GroupCoordinator)
[2023-09-05 02:45:58,812] INFO [ProducerStateManager partition=__consumer_offsets-29] Wrote producer snapshot at offset 3 with 0 producer ids in 0 ms. (kafka.log.ProducerStateManager)
[2023-09-05 02:45:58,812] INFO [MergedLog partition=__consumer_offsets-29, dir=/etc/confluent/kraft-combined-logs] Rolled new log segment at offset 3 in 0 ms. (kafka.log.MergedLog)
[2023-09-05 02:45:58,813] INFO [GroupCoordinator 1]: Member MemberMetadata(memberId=sr-1-0df6abdc-b4a7-443a-b1eb-adfa2b8f0a4d, groupInstanceId=None, clientId=sr-1, clientHost=/172.20.0.7, sessionTimeoutMs=10000, rebalanceTimeoutMs=300000, supportedProtocols=List(v0)) has left group schema-registry through explicit `LeaveGroup`; client reason: the consumer is being closed (kafka.coordinator.group.GroupCoordinator)
[2023-09-05 02:46:03,035] INFO Filthiest log __consumer_offsets-29 has last.shrinkage.ratio=1.000, dirty.ratio=1.000, expected.shrinkage.ratio=1.000 
 (kafka.log.LogCleaner)
[2023-09-05 02:46:03,035] INFO Filthiest log __consumer_offsets-29 has last.shrinkage.ratio=1.000, dirty.ratio=1.000, expected.shrinkage.ratio=1.000 
 (kafka.log.LogCleaner)
[2023-09-05 02:46:03,035] INFO Cleaner 0: Beginning cleaning of log __consumer_offsets-29. (kafka.log.LogCleaner)
[2023-09-05 02:46:03,035] INFO Cleaner 0: Beginning cleaning of log __consumer_offsets-29. (kafka.log.LogCleaner)
[2023-09-05 02:46:03,035] INFO Cleaner 0: Building offset map for __consumer_offsets-29... (kafka.log.LogCleaner)
[2023-09-05 02:46:03,035] INFO Cleaner 0: Building offset map for __consumer_offsets-29... (kafka.log.LogCleaner)
[2023-09-05 02:46:03,056] INFO Cleaner 0: Building offset map for log __consumer_offsets-29 for 1 segments in offset range [0, 3). (kafka.log.LogCleaner)
[2023-09-05 02:46:03,056] INFO Cleaner 0: Building offset map for log __consumer_offsets-29 for 1 segments in offset range [0, 3). (kafka.log.LogCleaner)
[2023-09-05 02:46:03,057] INFO Cleaner 0: Building offset map for segment 1/1: LocalLogSegmentReadAdapter(log segment: /etc/confluent/kraft-combined-logs/__consumer_offsets-29/00000000000000000000.log, startPosition: 0, endPosition: 1147, baseOffset: 0, endOffset:2) (kafka.log.LogCleaner)
[2023-09-05 02:46:03,057] INFO Cleaner 0: Building offset map for segment 1/1: LocalLogSegmentReadAdapter(log segment: /etc/confluent/kraft-combined-logs/__consumer_offsets-29/00000000000000000000.log, startPosition: 0, endPosition: 1147, baseOffset: 0, endOffset:2) (kafka.log.LogCleaner)
[2023-09-05 02:46:03,058] INFO Cleaner 0: Cleaning log __consumer_offsets-29 (cleaning prior to Thu Aug 24 13:04:52 GMT 2023, discarding tombstones prior to upper bound deletion horizon Thu Jan 01 00:00:00 GMT 1970)... (kafka.log.LogCleaner)
[2023-09-05 02:46:03,058] INFO Cleaner 0: Cleaning log __consumer_offsets-29 (cleaning prior to Thu Aug 24 13:04:52 GMT 2023, discarding tombstones prior to upper bound deletion horizon Thu Jan 01 00:00:00 GMT 1970)... (kafka.log.LogCleaner)
[2023-09-05 02:46:03,058] INFO Cleaner 0: Cleaning LogSegment(baseOffset=0, size=1147, lastModifiedTime=1692882292381, largestRecordTimestamp=Some(1692882292384)) in log __consumer_offsets-29 into 0 with an upper bound deletion horizon 0 computed from the segment last modified time of 1692882292381,retaining deletes. (kafka.log.LogCleaner)
[2023-09-05 02:46:03,058] INFO Cleaner 0: Cleaning LogSegment(baseOffset=0, size=1147, lastModifiedTime=1692882292381, largestRecordTimestamp=Some(1692882292384)) in log __consumer_offsets-29 into 0 with an upper bound deletion horizon 0 computed from the segment last modified time of 1692882292381,retaining deletes. (kafka.log.LogCleaner)
[2023-09-05 02:46:03,062] INFO Cleaner 0: Swapping in cleaned segment LogSegment(baseOffset=0, size=517, lastModifiedTime=1692882292381, largestRecordTimestamp=Some(1692882292384)) for segment(s) List(LogSegment(baseOffset=0, size=1147, lastModifiedTime=1692882292381, largestRecordTimestamp=Some(1692882292384))) in log MergedLog(dir=/etc/confluent/kraft-combined-logs/__consumer_offsets-29, topic=__consumer_offsets, partition=29, highWatermark=4, lastStableOffset=4, localLogStartOffset=0, logStartOffset=0, logEndOffset=4, tierPartitionState=FileTierPartitionState(topicIdPartition=GiOpbg6dQRWHiCdSwEc7qw:__consumer_offsets-29, tieringEnabled=false)) (kafka.log.LogCleaner)
[2023-09-05 02:46:03,062] INFO Cleaner 0: Swapping in cleaned segment LogSegment(baseOffset=0, size=517, lastModifiedTime=1692882292381, largestRecordTimestamp=Some(1692882292384)) for segment(s) List(LogSegment(baseOffset=0, size=1147, lastModifiedTime=1692882292381, largestRecordTimestamp=Some(1692882292384))) in log MergedLog(dir=/etc/confluent/kraft-combined-logs/__consumer_offsets-29, topic=__consumer_offsets, partition=29, highWatermark=4, lastStableOffset=4, localLogStartOffset=0, logStartOffset=0, logEndOffset=4, tierPartitionState=FileTierPartitionState(topicIdPartition=GiOpbg6dQRWHiCdSwEc7qw:__consumer_offsets-29, tieringEnabled=false)) (kafka.log.LogCleaner)
[2023-09-05 02:46:03,064] INFO [kafka-log-cleaner-thread-0]: 
	Log cleaner thread 0 cleaned log __consumer_offsets-29 (dirty section = [0, 3])
	0.0 MB of log processed in 0.0 seconds (0.0 MB/sec).
	Average key size for records observed during this compaction run is 19.00 bytes	Indexed 0.0 MB in 0.0 seconds (0.0 Mb/sec, 75.9% of total time)
	Buffer utilization: 0.0%
	Cleaned 0.0 MB in 0.0 seconds (0.2 Mb/sec, 24.1% of total time)
	Start size: 0.0 MB (3 messages)
	End size: 0.0 MB (1 messages)
	54.9% size reduction (66.7% fewer messages)
	Offset Map is Full: false (kafka.log.LogCleaner)
[2023-09-05 02:46:03,064] INFO [kafka-log-cleaner-thread-0]: 
	Log cleaner thread 0 cleaned log __consumer_offsets-29 (dirty section = [0, 3])
	0.0 MB of log processed in 0.0 seconds (0.0 MB/sec).
	Average key size for records observed during this compaction run is 19.00 bytes	Indexed 0.0 MB in 0.0 seconds (0.0 Mb/sec, 75.9% of total time)
	Buffer utilization: 0.0%
	Cleaned 0.0 MB in 0.0 seconds (0.2 Mb/sec, 24.1% of total time)
	Start size: 0.0 MB (3 messages)
	End size: 0.0 MB (1 messages)
	54.9% size reduction (66.7% fewer messages)
	Offset Map is Full: false (kafka.log.LogCleaner)
[2023-09-05 02:46:07,344] INFO [GroupCoordinator 1]: Member connect-1-1d798551-b199-40b6-9735-c03b951d1808 in group kafka-connect has failed, removing it from the group (kafka.coordinator.group.GroupCoordinator)
[2023-09-05 02:46:07,345] INFO [GroupCoordinator 1]: Preparing to rebalance group kafka-connect in state PreparingRebalance with old generation 3 (__consumer_offsets-11) (reason: removing member connect-1-1d798551-b199-40b6-9735-c03b951d1808 on heartbeat expiration) (kafka.coordinator.group.GroupCoordinator)
[2023-09-05 02:46:07,345] INFO [GroupCoordinator 1]: Group kafka-connect with generation 4 is now empty (__consumer_offsets-11) (kafka.coordinator.group.GroupCoordinator)
[2023-09-05 02:46:07,346] INFO [ProducerStateManager partition=__consumer_offsets-11] Wrote producer snapshot at offset 3 with 0 producer ids in 0 ms. (kafka.log.ProducerStateManager)
[2023-09-05 02:46:07,346] INFO [MergedLog partition=__consumer_offsets-11, dir=/etc/confluent/kraft-combined-logs] Rolled new log segment at offset 3 in 1 ms. (kafka.log.MergedLog)
